<?xml version="1.0" encoding="UTF-8"?>
<!-- Generated by org.testng.reporters.JUnitReportReporter -->
<testsuite hostname="DESKTOP-9AFLR3B" failures="0" tests="1" name="TestCase.Tasks" time="8.384" errors="0" timestamp="2025-03-02T13:51:42 IST" skipped="0">
  <testcase classname="TestCase.Tasks" name="testCase1" time="8.384">
    <system-out>
      <![CDATA[i am in dws
I am in rss url]]>
    </system-out>
  </testcase> <!-- testCase1 -->
  <system-out>
    <![CDATA[i am in dws
I am in rss url]]>
  </system-out>
</testsuite> <!-- TestCase.Tasks -->
